<?xml version="1.0" encoding="UTF-8"?>
<!-- Generated by org.testng.reporters.JUnitReportReporter -->
<testsuite hostname="DESKTOP-HKAFOU4" failures="0" tests="3" name="Demo3.DataProvider" time="13.270" errors="0" timestamp="2022-11-11T11:14:09 IST" skipped="0">
  <testcase classname="Demo3.DataProvider" name="method1" time="4.801"/>
  <system-out/>
  <testcase classname="Demo3.DataProvider" name="method1" time="3.920"/>
  <system-out/>
  <testcase classname="Demo3.DataProvider" name="method1" time="4.549"/>
  <system-out/>
</testsuite> <!-- Demo3.DataProvider -->
