<?xml version="1.0" encoding="UTF-8"?>
<!-- Generated by org.testng.reporters.JUnitReportReporter -->
<testsuite hostname="DESKTOP-HKAFOU4" failures="0" tests="12" name="Demo3.DifferentAnnotations" time="0.070" errors="0" timestamp="2022-11-11T11:11:42 IST" skipped="1">
  <testcase classname="Demo3.DifferentAnnotations" name="method3" time="0.018"/>
  <system-out/>
  <testcase classname="Demo3.DifferentAnnotations" name="test2" time="0.011"/>
  <system-out/>
  <testcase classname="Demo3.DifferentAnnotations" name="test2" time="0.005"/>
  <system-out/>
  <testcase classname="Demo3.DifferentAnnotations" name="test2" time="0.005"/>
  <system-out/>
  <testcase classname="Demo3.DifferentAnnotations" name="test2" time="0.005"/>
  <system-out/>
  <testcase classname="Demo3.DifferentAnnotations" name="test2" time="0.003"/>
  <system-out/>
  <testcase classname="Demo3.DifferentAnnotations" name="test2" time="0.005"/>
  <system-out/>
  <testcase classname="Demo3.DifferentAnnotations" name="test2" time="0.006"/>
  <system-out/>
  <testcase classname="Demo3.DifferentAnnotations" name="test2" time="0.002"/>
  <system-out/>
  <testcase classname="Demo3.DifferentAnnotations" name="test2" time="0.007"/>
  <system-out/>
  <testcase classname="Demo3.DifferentAnnotations" name="test2" time="0.003"/>
  <system-out/>
  <testcase classname="Demo3.DifferentAnnotations" name="method2">
    <skipped/>
  </testcase> <!-- method2 -->
  <system-out/>
</testsuite> <!-- Demo3.DifferentAnnotations -->
