<?xml version="1.0" encoding="UTF-8"?>
<!-- Generated by org.testng.reporters.JUnitReportReporter -->
<testsuite hostname="DESKTOP-HKAFOU4" failures="0" tests="2" name="Demo1.Test1" time="0.007" errors="0" timestamp="2022-11-14T16:55:39 IST" skipped="0">
  <testcase classname="Demo1.Test1" name="method4" time="0.002"/>
  <system-out/>
  <testcase classname="Demo1.Test1" name="method1" time="0.005"/>
  <system-out/>
</testsuite> <!-- Demo1.Test1 -->
