<?xml version="1.0" encoding="UTF-8"?>
<!-- Generated by org.testng.reporters.JUnitReportReporter -->
<testsuite hostname="DESKTOP-HKAFOU4" failures="0" tests="2" name="Demo2.Test2" time="0.013" errors="0" timestamp="2022-11-11T08:51:23 IST" skipped="0">
  <testcase classname="Demo2.Test2" name="method1" time="0.002"/>
  <system-out/>
  <testcase classname="Demo2.Test2" name="methiod2" time="0.011"/>
  <system-out/>
</testsuite> <!-- Demo2.Test2 -->
