<?xml version="1.0" encoding="UTF-8"?>
<!-- Generated by org.testng.reporters.JUnitReportReporter -->
<testsuite hostname="DESKTOP-HKAFOU4" failures="0" tests="4" name="Demo3.PriorityDemo" time="0.012" errors="0" timestamp="2022-11-11T08:54:23 IST" skipped="0">
  <testcase classname="Demo3.PriorityDemo" name="method2" time="0.006"/>
  <system-out/>
  <testcase classname="Demo3.PriorityDemo" name="bmethod4" time="0.003"/>
  <system-out/>
  <testcase classname="Demo3.PriorityDemo" name="method1" time="0.001"/>
  <system-out/>
  <testcase classname="Demo3.PriorityDemo" name="method3" time="0.002"/>
  <system-out/>
</testsuite> <!-- Demo3.PriorityDemo -->
