<?xml version="1.0" encoding="UTF-8"?>
<!-- Generated by org.testng.reporters.JUnitReportReporter -->
<testsuite hostname="DESKTOP-HKAFOU4" failures="0" tests="1" name="Demo3.ParameterizedDemo" time="0.013" errors="0" timestamp="2022-11-11T08:56:43 IST" skipped="0">
  <testcase classname="Demo3.ParameterizedDemo" name="login" time="0.013"/>
  <system-out/>
</testsuite> <!-- Demo3.ParameterizedDemo -->
