<?xml version="1.0" encoding="UTF-8"?>
<!-- Generated by org.testng.reporters.JUnitReportReporter -->
<testsuite hostname="DESKTOP-HKAFOU4" failures="0" tests="3" name="Demo3.GroupsDemo" time="0.018" errors="0" timestamp="2022-11-11T11:12:07 IST" skipped="0">
  <testcase classname="Demo3.GroupsDemo" name="method3" time="0.003"/>
  <system-out/>
  <testcase classname="Demo3.GroupsDemo" name="method2" time="0.003"/>
  <system-out/>
  <testcase classname="Demo3.GroupsDemo" name="method1" time="0.012"/>
  <system-out/>
</testsuite> <!-- Demo3.GroupsDemo -->
